  OOP-lab2.cpp
c:\users\иришка\documents\visual studio 2013\projects\oop-lab2\oop-lab2\oop-lab2.cpp(13): warning C4244: аргумент: преобразование "time_t" в "unsigned int", возможна потеря данных
  OOP-lab2.vcxproj -> C:\Users\Иришка\documents\visual studio 2013\Projects\OOP-lab2\Debug\OOP-lab2.exe

Итоги по проекту:
     1351 мс вызовов   1 C:\Users\Иришка\documents\visual studio 2013\Projects\OOP-lab2\OOP-lab2\OOP-lab2.vcxproj
               1351 мс вызовов   1 Build                                   

Итоги по целям:
        0 мс вызовов   1 AfterBuild                              
        0 мс вызовов   1 _CheckForCompileOutputs                 
        0 мс вызовов   1 GetResolvedWinMD                        
        0 мс вызовов   1 _Manifest                               
        0 мс вызовов   1 _SelectedFiles                          
        0 мс вызовов   1 _PrepareForBuild                        
        0 мс вызовов   1 PostBuildEvent                          
        0 мс вызовов   1 _Midl                                   
        0 мс вызовов   1 SelectCustomBuild                       
        0 мс вызовов   1 GetCopyToOutputDirectoryXamlAppDefs     
        0 мс вызовов   1 _ClCompile                              
        0 мс вызовов   1 CreateCustomManifestResourceNames       
        0 мс вызовов   1 ResolveAssemblyReferences               
        0 мс вызовов   1 BeforeLink                              
        0 мс вызовов   1 AfterBuildCompileEvent                  
        0 мс вызовов   1 GetCopyToOutputDirectoryItems           
        0 мс вызовов   1 _BuildLinkAction                        
        0 мс вызовов   1 BeforeResourceCompile                   
        0 мс вызовов   1 AfterMidl                               
        0 мс вызовов   1 GetReferenceAssemblyPaths               
        0 мс вызовов   1 PreLinkEvent                            
        0 мс вызовов   1 ResolveReferences                       
        0 мс вызовов   1 AfterBuildGenerateSources               
        0 мс вызовов   1 BuildGenerateSources                    
        0 мс вызовов   1 _CopySourceItemsToOutputDirectory       
        0 мс вызовов   1 GetFrameworkPaths                       
        0 мс вызовов   1 AfterResourceCompile                    
        0 мс вызовов   1 _Xsd                                    
        0 мс вызовов   1 ComputeCustomBuildOutput                
        0 мс вызовов   1 MakeDirsForBscMake                      
        0 мс вызовов   1 _GenerateSatelliteAssemblyInputs        
        0 мс вызовов   1 ComputeManifestGeneratedLinkerInputs    
        0 мс вызовов   1 _ResourceCompile                        
        0 мс вызовов   1 Build                                   
        0 мс вызовов   1 _Link                                   
        0 мс вызовов   1 BuildLinkTraverse                       
        0 мс вызовов   1 ComputeManifestInputsTargets            
        0 мс вызовов   1 ComputeRCOutputs                        
        0 мс вызовов   1 _XdcMake                                
        0 мс вызовов   1 CreateSatelliteAssemblies               
        0 мс вызовов   1 BuildCompileTraverse                    
        0 мс вызовов   1 ComputeLinkInputsFromProject            
        0 мс вызовов   1 _Deploy                                 
        0 мс вызовов   1 ComputeMIDLGeneratedCompileInputs       
        0 мс вызовов   1 _SplitProjectReferencesByFileExistence  
        0 мс вызовов   1 BeforeClCompile                         
        0 мс вызовов   1 _BuildGenerateSourcesAction             
        0 мс вызовов   1 AfterResolveReferences                  
        0 мс вызовов   1 ComputeCLGeneratedLinkInputs            
        0 мс вызовов   1 ComputeReferenceCLInput                 
        0 мс вызовов   1 PrepareForRun                           
        0 мс вызовов   1 AfterBuildGenerateSourcesEvent          
        0 мс вызовов   1 _PrepareForReferenceResolution          
        0 мс вызовов   1 _ALink                                  
        0 мс вызовов   1 _BscMake                                
        0 мс вызовов   1 ResolveSDKReferences                    
        0 мс вызовов   1 ComputeCLCompileGeneratedSbrFiles       
        0 мс вызовов   1 _Appverifier                            
        0 мс вызовов   1 RegisterOutput                          
        0 мс вызовов   1 PreBuildEvent                           
        0 мс вызовов   1 PrepareResourceNames                    
        0 мс вызовов   1 BuildLink                               
        0 мс вызовов   1 MakeDirsForXdcMake                      
        0 мс вызовов   1 ComputeRCGeneratedLinkInputs            
        0 мс вызовов   1 BuildCompile                            
        0 мс вызовов   1 BeforeBuildGenerateSources              
        0 мс вызовов   1 AfterClCompile                          
        0 мс вызовов   1 _BuildCompileAction                     
        0 мс вызовов   1 ResolvedXDCMake                         
        0 мс вызовов   1 PlatformPrepareForBuild                 
        0 мс вызовов   1 GetInstalledSDKLocations                
        0 мс вызовов   1 AfterLink                               
        1 мс вызовов   1 MakeDirsForMidl                         
        1 мс вызовов   1 ExpandSDKReferences                     
        1 мс вызовов   1 SplitResourcesByCulture                 
        1 мс вызовов   1 ComputeCLCompileGeneratedXDCFiles       
        1 мс вызовов   1 ComputeLinkSwitches                     
        1 мс вызовов   1 AssignProjectConfiguration              
        1 мс вызовов   1 MakeDirsForCl                           
        1 мс вызовов   1 ComputeLinkImportLibraryOutputsForClean 
        1 мс вызовов   1 MakeDirsForResourceCompile              
        1 мс вызовов   1 BuildGenerateSourcesTraverse            
        1 мс вызовов   1 ResolveProjectReferences                
        1 мс вызовов   1 ComputeLegacyManifestEmbedding          
        1 мс вызовов   1 AssignTargetPaths                       
        1 мс вызовов   1 MakeDirsForLink                         
        1 мс вызовов   1 CopyFilesToOutputDirectory              
        1 мс вызовов   1 DoLinkOutputFilesMatch                  
        1 мс вызовов   1 SelectClCompile                         
        1 мс вызовов   1 BeforeResolveReferences                 
        1 мс вызовов   1 ComputeCLOutputs                        
        1 мс вызовов   1 ComputeCLInputPDBName                   
        2 мс вызовов   1 FinalizeBuildStatus                     
        2 мс вызовов   1 SetBuildDefaultEnvironmentVariables     
        3 мс вызовов   1 WarnCompileDuplicatedFilename           
        4 мс вызовов   1 _CheckForInvalidConfigurationAndPlatform
        4 мс вызовов   1 InitializeBuildStatus                   
        8 мс вызовов   1 PrepareForBuild                         
       10 мс вызовов   1 SetCABuildNativeEnvironmentVariables    
      280 мс вызовов   1 Link                                    
     1008 мс вызовов   1 ClCompile                               
